[    4555ms] [WARNING] Deprecated API for given entry type. @ https://mail.google.com/_/scs/mail-static/_/js/k=gmail.main.en.XtCxmWbOUko.es5.OL/am=wAIAAAAAFH8UAOf_PT3YAAIA_svhz9cH_lqi-_8PQyAI-CFg1TSAHkCXtcJ6_v__d_NrAfB3Gz7DfP5IAECAraPb8uEhhqs0AgBcAADAqZucZgAAAAAAAAAAAAAAAAAAAAA-IxuZFBg/d=1/exm=b/ed=1/im=1/dg=0/br=1/wt=1/rs=AHGWq9Bxq28HDpDg0W8Ucg0pF8_5GFbqbQ/cb=loaded_1/m=a?cb=b0222df0:3007
[    5016ms] [WARNING] An iframe which has both allow-scripts and allow-same-origin for its sandbox attribute can escape its sandboxing. @ https://mail.google.com/mail/u/0/data?service=mail&flowName=GlifWebSignIn&flowEntry=AccountChooser&ec=asw-gmail-globalnav-signin&token=%5B%22cftp%22,%22a5e1721d3f%22,%22gmail.pinto-server_20260706.07_p0%22,%22ZyMrc6cBAw-rFZnvtXyj5A%5Cu003d%5Cu003d%22,null,3,%22%22%5D&dilte=0&gme=1&sme=1&pt=ji&di=0&dbv=112:0
[    6237ms] [ERROR] Failed to load resource: the server responded with a status of 403 () @ https://mail.google.com/mail/u/0/?ui=2&ik=a5e1721d3f&jsver=XtCxmWbOUko.en.L.es5&cbl=gmail.pinto-server_20260706.07_p0&rid=mail%3Ai.25a8.1.0&view=up&act=oetsha&_reqid=150753&at&nsc=1&mb=0&rt=j:0
[  984924ms] [ERROR] Failed to load resource: net::ERR_QUIC_PROTOCOL_ERROR.QUIC_PACKET_WRITE_ERROR @ https://signaler-pa.clients6.google.com/punctual/multi-watch/channel?VER=8&gsessionid=NnUiSzglt9WfMowPCLRnMc6m5UBUMZ9njIlg-5ClmBU&key=AIzaSyCIMH2ks6VPAfRC2lqU_Snz1Lo76XGdnlc&RID=rpc&SID=I66SXPUbz91QGJKlEemDZw&AID=40&CI=0&TYPE=xmlhttp&zx=8ybn1yx1zjf7&t=1:0
[ 1912156ms] [ERROR] Failed to load resource: net::ERR_QUIC_PROTOCOL_ERROR.QUIC_PACKET_WRITE_ERROR @ https://signaler-pa.clients6.google.com/punctual/multi-watch/channel?VER=8&gsessionid=cgtmz01A-4Kp0zy8XxIMaJgsy1m2J3PQ55a9yZFh5Q0&key=AIzaSyCIMH2ks6VPAfRC2lqU_Snz1Lo76XGdnlc&RID=rpc&SID=enwRrMDwzZlA3nFqVv7Log&AID=14&CI=0&TYPE=xmlhttp&zx=s3ie8guqexrv&t=1:0
[ 1913067ms] [ERROR] Failed to load resource: the server responded with a status of 400 () @ https://signaler-pa.clients6.google.com/punctual/multi-watch/channel?VER=8&gsessionid=cgtmz01A-4Kp0zy8XxIMaJgsy1m2J3PQ55a9yZFh5Q0&key=AIzaSyCIMH2ks6VPAfRC2lqU_Snz1Lo76XGdnlc&RID=rpc&SID=enwRrMDwzZlA3nFqVv7Log&AID=17&CI=0&TYPE=xmlhttp&zx=bnq4bvv2aru9&t=2:0
[ 2877956ms] [ERROR] Failed to load resource: net::ERR_QUIC_PROTOCOL_ERROR.QUIC_PACKET_WRITE_ERROR @ https://signaler-pa.clients6.google.com/punctual/multi-watch/channel?VER=8&gsessionid=V3YMKcGX2a-Y5obdukSHcpIgJHRldF22_OO0ln2_agI&key=AIzaSyCIMH2ks6VPAfRC2lqU_Snz1Lo76XGdnlc&RID=rpc&SID=tOXRpeskpXyMuMhPidPVog&AID=42&CI=0&TYPE=xmlhttp&zx=wlsgw39edgj7&t=1:0
[ 2878094ms] [ERROR] Failed to load resource: net::ERR_NAME_NOT_RESOLVED @ https://ssl.gstatic.com/ui/v1/icons/mail/images/cleardot.gif?zx=pwoizc6ya9t9:0
[ 2878123ms] [ERROR] Failed to load resource: net::ERR_NAME_NOT_RESOLVED @ https://signaler-pa.clients6.google.com/punctual/multi-watch/channel?VER=8&gsessionid=V3YMKcGX2a-Y5obdukSHcpIgJHRldF22_OO0ln2_agI&key=AIzaSyCIMH2ks6VPAfRC2lqU_Snz1Lo76XGdnlc&RID=rpc&SID=tOXRpeskpXyMuMhPidPVog&AID=52&CI=0&TYPE=xmlhttp&zx=3sgxmqxi3oqh&t=2:0
[ 3081714ms] [ERROR] Failed to load resource: the server responded with a status of 400 () @ https://signaler-pa.clients6.google.com/punctual/multi-watch/channel?VER=8&gsessionid=V3YMKcGX2a-Y5obdukSHcpIgJHRldF22_OO0ln2_agI&key=AIzaSyCIMH2ks6VPAfRC2lqU_Snz1Lo76XGdnlc&RID=rpc&SID=tOXRpeskpXyMuMhPidPVog&AID=52&CI=0&TYPE=xmlhttp&zx=n09qi3378dw0&t=3:0
[ 5970801ms] [ERROR] Failed to load resource: net::ERR_QUIC_PROTOCOL_ERROR.QUIC_PACKET_WRITE_ERROR @ https://signaler-pa.clients6.google.com/punctual/multi-watch/channel?VER=8&gsessionid=SY-ZPNiyWPTOkcesGM9TNwCJqdIBjpafPQQ5FRp-CWQ&key=AIzaSyCIMH2ks6VPAfRC2lqU_Snz1Lo76XGdnlc&RID=rpc&SID=FpbnyYlBSwWu_yqUQGhHjA&AID=0&CI=0&TYPE=xmlhttp&zx=v5ck99rlsk4i&t=1:0
[ 5970905ms] [ERROR] Failed to load resource: net::ERR_NAME_NOT_RESOLVED @ https://accounts.google.com/RotateCookies:0
[ 5970925ms] [ERROR] Failed to load resource: net::ERR_NAME_NOT_RESOLVED @ https://ssl.gstatic.com/ui/v1/icons/mail/images/cleardot.gif?zx=4p5dohy0fsof:0
[ 5971959ms] [ERROR] Failed to load resource: net::ERR_NAME_NOT_RESOLVED @ https://mail.google.com/mail/u/0/checkbuild?bl=gmail.pinto-server_20260706.07_p0:0
[ 5971975ms] [ERROR] Failed to load resource: net::ERR_NAME_NOT_RESOLVED @ https://signaler-pa.clients6.google.com/punctual/multi-watch/channel?VER=8&gsessionid=SY-ZPNiyWPTOkcesGM9TNwCJqdIBjpafPQQ5FRp-CWQ&key=AIzaSyCIMH2ks6VPAfRC2lqU_Snz1Lo76XGdnlc&RID=rpc&SID=FpbnyYlBSwWu_yqUQGhHjA&AID=13&CI=0&TYPE=xmlhttp&zx=q64sy453uy1c&t=2:0
[ 5971979ms] [ERROR] Failed to load resource: net::ERR_NAME_NOT_RESOLVED @ https://signaler-pa.clients6.google.com/punctual/v1/refreshCreds?key=AIzaSyCIMH2ks6VPAfRC2lqU_Snz1Lo76XGdnlc&gsessionid=SY-ZPNiyWPTOkcesGM9TNwCJqdIBjpafPQQ5FRp-CWQ:0
[ 5972077ms] [ERROR] Failed to load resource: net::ERR_NAME_NOT_RESOLVED @ https://addons-pa.clients6.google.com/$rpc/google.internal.apps.addons.v1.AddOnService/ListInstallations:0
[ 5972099ms] [ERROR] Failed to load resource: net::ERR_NAME_NOT_RESOLVED @ https://waa-pa.clients6.google.com/$rpc/google.internal.waa.v1.Waa/Ping:0
[ 5972132ms] [ERROR] Failed to load resource: net::ERR_NAME_NOT_RESOLVED @ https://play.google.com/log?format=json&hasfast=true&authuser=0:0
[ 5972135ms] [ERROR] Failed to load resource: net::ERR_NAME_NOT_RESOLVED @ https://play.google.com/log?hasfast=true&auth=SAPISIDHASH+4e87014d5ce566c66be5ad8702a6b2753d9f6d2d+SAPISID1PHASH+4e87014d5ce566c66be5ad8702a6b2753d9f6d2d+SAPISID3PHASH+4e87014d5ce566c66be5ad8702a6b2753d9f6d2d&authuser=0&format=json:0
[ 5972137ms] [ERROR] Failed to load resource: net::ERR_NAME_NOT_RESOLVED @ https://mail.google.com/sync/u/0/i/bv?hl=en&c=27&rt=r&pt=ji:0
[ 5972144ms] [ERROR] Failed to load resource: net::ERR_NAME_NOT_RESOLVED @ https://mail-ads.google.com/mail/u/0/adsfe/main_jspb?rt=r&client=25&pt=ji:0
[ 5972167ms] [ERROR] Failed to load resource: net::ERR_NAME_NOT_RESOLVED @ https://mail.google.com/sync/u/0/i/bv?hl=en&c=27&rt=r&pt=ji:0
[ 5973118ms] [ERROR] Failed to load resource: net::ERR_NAME_NOT_RESOLVED @ https://waa-pa.googleapis.com/$rpc/google.internal.waa.v1.Waa/Ping:0
[ 5973817ms] [ERROR] Failed to load resource: net::ERR_NAME_NOT_RESOLVED @ https://play.google.com/log?format=json&hasfast=true&authuser=0:0
[17440940ms] [ERROR] Failed to load resource: the server responded with a status of 400 () @ https://signaler-pa.clients6.google.com/punctual/multi-watch/channel?VER=8&gsessionid=SY-ZPNiyWPTOkcesGM9TNwCJqdIBjpafPQQ5FRp-CWQ&key=AIzaSyCIMH2ks6VPAfRC2lqU_Snz1Lo76XGdnlc&RID=rpc&SID=FpbnyYlBSwWu_yqUQGhHjA&AID=13&CI=0&TYPE=xmlhttp&zx=u7nm2dedz33o&t=3:0
