[   10528ms] [ERROR] ErrorUtils caught an error:

[storage] storage bucket persistence denied (aquire-persistent-storage-denied)

Subsequent non-fatal errors won't be logged; see https://fburl.com/debugjs. {column: 17878, clientTime: 1783873942, extra: Object, guardList: Array(0), hash: wevqnp} @ https://static.whatsapp.net/rsrc.php/v4/yk/r/2-frBWSR0qM.js:79
[   87394ms] [WARNING] The PerformanceObserver does not support buffered flag with the entryTypes argument. @ https://static.whatsapp.net/rsrc.php/v4ikVs4/yu/l/he_IL-j/OxnxK6PwzmPF9BvaiPmYEQTDBcDET87yQ7EUhtqujfAG7WCNx9GZ3Y6HT8zfio19lQcyJug9AJ5hfL4020-Qr4TrWqF0Uf_atZL4vNQf59mdk7mhaBv6lIxw2fibXh0vdaWGso6pjbbzH2b.js:103
[   93418ms] [ERROR] ErrorUtils caught an error:

Failed to find a Haste-supplied config for the QPL event identified by token `106`.

Subsequent non-fatal errors won't be logged; see https://fburl.com/debugjs. {column: 17878, clientTime: 1783874025, extra: Object, guardList: Array(0), hash: 3iko2m} @ https://static.whatsapp.net/rsrc.php/v4/yz/r/cfnaXKO_yx3.js:78
[   93524ms] [ERROR] Permissions policy violation: unload is not allowed in this document. @ https://static.whatsapp.net/rsrc.php/v4/yg/r/aagKetQAIxs.js:322
[   93686ms] [ERROR] Permissions policy violation: unload is not allowed in this document. @ https://static.whatsapp.net/rsrc.php/v4/yg/r/aagKetQAIxs.js:322
[   93805ms] [ERROR] Permissions policy violation: unload is not allowed in this document. @ https://static.whatsapp.net/rsrc.php/v4/yg/r/aagKetQAIxs.js:322
[   99065ms] [ERROR] Loading the image 'https://static.whatsapp.net/rsrc.php/yd/r/PfkSLByWV8O.webp' violates the following Content Security Policy directive: "img-src 'self' blob:". The action has been blocked. @ https://webtp.whatsapp.net/pdf-viewer/?locale=he_IL:0
[   99065ms] [ERROR] Loading the image 'https://static.whatsapp.net/rsrc.php/yI/r/EoOh62-jiPS.webp' violates the following Content Security Policy directive: "img-src 'self' blob:". The action has been blocked. @ https://webtp.whatsapp.net/pdf-viewer/?locale=he_IL:0
[  109637ms] [ERROR] Access to fetch at 'https://dit.whatsapp.net/deidentified_telemetry' from origin 'https://web.whatsapp.com' has been blocked by CORS policy: No 'Access-Control-Allow-Origin' header is present on the requested resource. @ https://web.whatsapp.com/:0
[  109637ms] [ERROR] Failed to load resource: net::ERR_FAILED @ https://dit.whatsapp.net/deidentified_telemetry:0
[  109771ms] [ERROR] Access to fetch at 'https://dit.whatsapp.net/deidentified_telemetry' from origin 'https://web.whatsapp.com' has been blocked by CORS policy: No 'Access-Control-Allow-Origin' header is present on the requested resource. @ https://web.whatsapp.com/:0
[  109772ms] [ERROR] Failed to load resource: net::ERR_FAILED @ https://dit.whatsapp.net/deidentified_telemetry:0
[  110275ms] [ERROR] Access to fetch at 'https://dit.whatsapp.net/deidentified_telemetry' from origin 'https://web.whatsapp.com' has been blocked by CORS policy: No 'Access-Control-Allow-Origin' header is present on the requested resource. @ https://web.whatsapp.com/:0
[  110276ms] [ERROR] Failed to load resource: net::ERR_FAILED @ https://dit.whatsapp.net/deidentified_telemetry:0
[  110277ms] [ERROR] Access to fetch at 'https://dit.whatsapp.net/deidentified_telemetry' from origin 'https://web.whatsapp.com' has been blocked by CORS policy: No 'Access-Control-Allow-Origin' header is present on the requested resource. @ https://web.whatsapp.com/:0
[  110278ms] [ERROR] Failed to load resource: net::ERR_FAILED @ https://dit.whatsapp.net/deidentified_telemetry:0
[  111001ms] [ERROR] Access to fetch at 'https://dit.whatsapp.net/deidentified_telemetry' from origin 'https://web.whatsapp.com' has been blocked by CORS policy: No 'Access-Control-Allow-Origin' header is present on the requested resource. @ https://web.whatsapp.com/:0
[  111001ms] [ERROR] Failed to load resource: net::ERR_FAILED @ https://dit.whatsapp.net/deidentified_telemetry:0
[  111003ms] [ERROR] Access to fetch at 'https://dit.whatsapp.net/deidentified_telemetry' from origin 'https://web.whatsapp.com' has been blocked by CORS policy: No 'Access-Control-Allow-Origin' header is present on the requested resource. @ https://web.whatsapp.com/:0
[  111004ms] [ERROR] Failed to load resource: net::ERR_FAILED @ https://dit.whatsapp.net/deidentified_telemetry:0
[  112575ms] [ERROR] Access to fetch at 'https://dit.whatsapp.net/deidentified_telemetry' from origin 'https://web.whatsapp.com' has been blocked by CORS policy: No 'Access-Control-Allow-Origin' header is present on the requested resource. @ https://web.whatsapp.com/:0
[  112575ms] [ERROR] Failed to load resource: net::ERR_FAILED @ https://dit.whatsapp.net/deidentified_telemetry:0
[  112575ms] [ERROR] Access to fetch at 'https://dit.whatsapp.net/deidentified_telemetry' from origin 'https://web.whatsapp.com' has been blocked by CORS policy: No 'Access-Control-Allow-Origin' header is present on the requested resource. @ https://web.whatsapp.com/:0
[  112576ms] [ERROR] Failed to load resource: net::ERR_FAILED @ https://dit.whatsapp.net/deidentified_telemetry:0
[  118641ms] [ERROR] Access to fetch at 'https://dit.whatsapp.net/deidentified_telemetry' from origin 'https://web.whatsapp.com' has been blocked by CORS policy: No 'Access-Control-Allow-Origin' header is present on the requested resource. @ https://web.whatsapp.com/:0
[  118642ms] [ERROR] Failed to load resource: net::ERR_FAILED @ https://dit.whatsapp.net/deidentified_telemetry:0
[  119084ms] [ERROR] Access to fetch at 'https://dit.whatsapp.net/deidentified_telemetry' from origin 'https://web.whatsapp.com' has been blocked by CORS policy: No 'Access-Control-Allow-Origin' header is present on the requested resource. @ https://web.whatsapp.com/:0
[  119084ms] [ERROR] Failed to load resource: net::ERR_FAILED @ https://dit.whatsapp.net/deidentified_telemetry:0
[  119799ms] [ERROR] Access to fetch at 'https://dit.whatsapp.net/deidentified_telemetry' from origin 'https://web.whatsapp.com' has been blocked by CORS policy: No 'Access-Control-Allow-Origin' header is present on the requested resource. @ https://web.whatsapp.com/:0
[  119799ms] [ERROR] Failed to load resource: net::ERR_FAILED @ https://dit.whatsapp.net/deidentified_telemetry:0
[  121263ms] [ERROR] Access to fetch at 'https://dit.whatsapp.net/deidentified_telemetry' from origin 'https://web.whatsapp.com' has been blocked by CORS policy: No 'Access-Control-Allow-Origin' header is present on the requested resource. @ https://web.whatsapp.com/:0
[  121264ms] [ERROR] Failed to load resource: net::ERR_FAILED @ https://dit.whatsapp.net/deidentified_telemetry:0
[  249959ms] [ERROR] Access to fetch at 'https://dit.whatsapp.net/deidentified_telemetry' from origin 'https://web.whatsapp.com' has been blocked by CORS policy: No 'Access-Control-Allow-Origin' header is present on the requested resource. @ https://web.whatsapp.com/:0
[  249959ms] [ERROR] Failed to load resource: net::ERR_FAILED @ https://dit.whatsapp.net/deidentified_telemetry:0
[  249961ms] [ERROR] Access to fetch at 'https://dit.whatsapp.net/deidentified_telemetry' from origin 'https://web.whatsapp.com' has been blocked by CORS policy: No 'Access-Control-Allow-Origin' header is present on the requested resource. @ https://web.whatsapp.com/:0
[  249961ms] [ERROR] Failed to load resource: net::ERR_FAILED @ https://dit.whatsapp.net/deidentified_telemetry:0
[  250158ms] [ERROR] Access to fetch at 'https://dit.whatsapp.net/deidentified_telemetry' from origin 'https://web.whatsapp.com' has been blocked by CORS policy: No 'Access-Control-Allow-Origin' header is present on the requested resource. @ https://web.whatsapp.com/:0
[  250160ms] [ERROR] Failed to load resource: net::ERR_FAILED @ https://dit.whatsapp.net/deidentified_telemetry:0
[  250474ms] [ERROR] Access to fetch at 'https://dit.whatsapp.net/deidentified_telemetry' from origin 'https://web.whatsapp.com' has been blocked by CORS policy: No 'Access-Control-Allow-Origin' header is present on the requested resource. @ https://web.whatsapp.com/:0
[  250475ms] [ERROR] Failed to load resource: net::ERR_FAILED @ https://dit.whatsapp.net/deidentified_telemetry:0
[  250569ms] [ERROR] Access to fetch at 'https://dit.whatsapp.net/deidentified_telemetry' from origin 'https://web.whatsapp.com' has been blocked by CORS policy: No 'Access-Control-Allow-Origin' header is present on the requested resource. @ https://web.whatsapp.com/:0
[  250570ms] [ERROR] Failed to load resource: net::ERR_FAILED @ https://dit.whatsapp.net/deidentified_telemetry:0
[  250671ms] [ERROR] Access to fetch at 'https://dit.whatsapp.net/deidentified_telemetry' from origin 'https://web.whatsapp.com' has been blocked by CORS policy: No 'Access-Control-Allow-Origin' header is present on the requested resource. @ https://web.whatsapp.com/:0
[  250671ms] [ERROR] Failed to load resource: net::ERR_FAILED @ https://dit.whatsapp.net/deidentified_telemetry:0
[  251392ms] [ERROR] Access to fetch at 'https://dit.whatsapp.net/deidentified_telemetry' from origin 'https://web.whatsapp.com' has been blocked by CORS policy: No 'Access-Control-Allow-Origin' header is present on the requested resource. @ https://web.whatsapp.com/:0
[  251393ms] [ERROR] Failed to load resource: net::ERR_FAILED @ https://dit.whatsapp.net/deidentified_telemetry:0
[  251398ms] [ERROR] Access to fetch at 'https://dit.whatsapp.net/deidentified_telemetry' from origin 'https://web.whatsapp.com' has been blocked by CORS policy: No 'Access-Control-Allow-Origin' header is present on the requested resource. @ https://web.whatsapp.com/:0
[  251398ms] [ERROR] Failed to load resource: net::ERR_FAILED @ https://dit.whatsapp.net/deidentified_telemetry:0
[  251593ms] [ERROR] Access to fetch at 'https://dit.whatsapp.net/deidentified_telemetry' from origin 'https://web.whatsapp.com' has been blocked by CORS policy: No 'Access-Control-Allow-Origin' header is present on the requested resource. @ https://web.whatsapp.com/:0
[  251594ms] [ERROR] Failed to load resource: net::ERR_FAILED @ https://dit.whatsapp.net/deidentified_telemetry:0
[  252634ms] [ERROR] Access to fetch at 'https://dit.whatsapp.net/deidentified_telemetry' from origin 'https://web.whatsapp.com' has been blocked by CORS policy: No 'Access-Control-Allow-Origin' header is present on the requested resource. @ https://web.whatsapp.com/:0
[  252635ms] [ERROR] Failed to load resource: net::ERR_FAILED @ https://dit.whatsapp.net/deidentified_telemetry:0
[  252829ms] [ERROR] Access to fetch at 'https://dit.whatsapp.net/deidentified_telemetry' from origin 'https://web.whatsapp.com' has been blocked by CORS policy: No 'Access-Control-Allow-Origin' header is present on the requested resource. @ https://web.whatsapp.com/:0
[  252829ms] [ERROR] Failed to load resource: net::ERR_FAILED @ https://dit.whatsapp.net/deidentified_telemetry:0
[  252831ms] [ERROR] Access to fetch at 'https://dit.whatsapp.net/deidentified_telemetry' from origin 'https://web.whatsapp.com' has been blocked by CORS policy: No 'Access-Control-Allow-Origin' header is present on the requested resource. @ https://web.whatsapp.com/:0
[  252832ms] [ERROR] Failed to load resource: net::ERR_FAILED @ https://dit.whatsapp.net/deidentified_telemetry:0
[  298196ms] [ERROR] Failed to load resource: the server responded with a status of 404 () @ https://media.ftlv6-1.fna.whatsapp.net/v/t62.7118-24/562065211_1253217223404376_5310023879815504032_n.enc?ccb=11-4&oh=01_Q5Aa4wE392vSrIfNkylkrmWUAm5_wE8-0Vkk2jqzqziZOSxyLQ&oe=6A646974&_nc_sid=5e03e0&_nc_hot=1782380615&hash=5zkFiKOmpOiNMotuXvIKLyX4S8IQu76Izv-8G0OeaTY%3D&_nc_cat=102&mode=auto&mms-type=image&__wa-mms=:0
[  298214ms] [ERROR] Failed to load resource: the server responded with a status of 404 () @ https://media-mrs2-2.cdn.whatsapp.net/v/t62.7117-24/562078862_853602944139835_4354867027687187127_n.enc?ccb=11-4&oh=01_Q5Aa4wHxgoUvkRkBgsqOhDePT_folE-jgt3KxALxqeBB58grxA&oe=6A6493E0&_nc_sid=5e03e0&hash=68p9pvZLTEpsXUHh0FoRMrnLWDatk_SRMpxJZs0aA-4%3D&_nc_map=whatsapp-nofna&mode=auto&mms-type=ptt&__wa-mms=:0
[  298294ms] [ERROR] Failed to load resource: the server responded with a status of 404 () @ https://media-mrs2-2.cdn.whatsapp.net/v/t62.7117-24/671000778_1395656812611405_3521937035543616211_n.enc?ccb=11-4&oh=01_Q5Aa4wHOsmkOfzUwYaxaByk2DYTTXG2Ru_jgBPgH86kaYoFbrQ&oe=6A649D77&_nc_sid=5e03e0&hash=hpycJ6VtHokikl1-HHLFXuNi_JYe3VG9OeSomrhN0BE%3D&_nc_map=whatsapp-nofna&mode=auto&mms-type=ptt&__wa-mms=:0
[  298325ms] [ERROR] Failed to load resource: the server responded with a status of 404 () @ https://media.ftlv6-1.fna.whatsapp.net/v/t62.7118-24/551738697_875217265639673_8995054968016540756_n.enc?ccb=11-4&oh=01_Q5Aa4wET-XTrTtVp0HIt8B_mNAemNiAeeBoLVrEpeTmCD0BKUw&oe=6A645F26&_nc_sid=5e03e0&_nc_hot=1782380615&hash=23SqtO-iJYuvnmcTLO9CnSo0i83WW3aJ0cKlragstLI%3D&_nc_cat=102&mode=auto&mms-type=image&__wa-mms=:0
[  298339ms] [ERROR] Failed to load resource: the server responded with a status of 404 () @ https://media-mrs2-2.cdn.whatsapp.net/v/t62.7117-24/616501964_2806702966366555_6158678716808200175_n.enc?ccb=11-4&oh=01_Q5Aa4wHL5sTbfTVqUxvtIRkhKzzSodwE81_I-lB_lCWVZ_GGkw&oe=6A64822A&_nc_sid=5e03e0&hash=bEH8iTRJ_84ZyO-82oOeso9gJgWkFt4juhB_iTAY4Bw%3D&_nc_map=whatsapp-nofna&mode=auto&mms-type=ptt&__wa-mms=:0
[  298345ms] [ERROR] Failed to load resource: the server responded with a status of 404 () @ https://media-mrs2-2.cdn.whatsapp.net/v/t62.7117-24/564699064_2561404447634891_9149478984596801917_n.enc?ccb=11-4&oh=01_Q5Aa4wEi0aJm_iFSILzleL5jl74SuSzyTvcTIXvQDCJYZA1UGg&oe=6A647A5D&_nc_sid=5e03e0&hash=gcL1SYRaIPQNVEjwjw4cuRXKPleg6Yfdezk1npv2mpw%3D&_nc_map=whatsapp-nofna&mode=auto&mms-type=ptt&__wa-mms=:0
[  341201ms] [ERROR] Failed to load resource: the server responded with a status of 404 () @ https://media.ftlv5-1.fna.whatsapp.net/v/t62.7118-24/564931707_1329541939339256_8808170645016644988_n.enc?ccb=11-4&oh=01_Q5Aa4wFo07xwmRyLZu2OAwPqr2ZfgT9Cdi79K2vwgebPyL8w3g&oe=6A6467F4&_nc_sid=5e03e0&_nc_hot=1782380614&hash=HzB5C-NdViAngYYwlVb7vrOu3c9TYLSd6U7DZO7HC-M%3D&_nc_cat=111&mode=auto&mms-type=image&__wa-mms=:0
[  341220ms] [ERROR] Failed to load resource: the server responded with a status of 404 () @ https://media.ftlv6-1.fna.whatsapp.net/v/t62.7118-24/670483276_1389195613273324_4673960503042119365_n.enc?ccb=11-4&oh=01_Q5Aa4wHjBDVO0linK45tzUgKUxlTwsu8ROrkN6Acaxt8TgL8KQ&oe=6A6483EE&_nc_sid=5e03e0&_nc_hot=1782380614&hash=Y2t-eTr241p4h4ZxR2ah_p5d0WrYrlxIgZtFJ7xVxg0%3D&_nc_cat=105&mode=auto&mms-type=image&__wa-mms=:0
[  341226ms] [ERROR] Failed to load resource: the server responded with a status of 404 () @ https://media.ftlv5-1.fna.whatsapp.net/v/t62.7118-24/557746676_2216250142471263_7411243438298479187_n.enc?ccb=11-4&oh=01_Q5Aa4wEDovxzn0DSog1SjpJR7zCz_yVF-2d1DJMykSrrxNfYcw&oe=6A6477F9&_nc_sid=5e03e0&_nc_hot=1782380614&hash=l1NC6-Xse84CBHtZhkqUxHxneLExPRxIolYF3ua7nLU%3D&_nc_cat=109&mode=auto&mms-type=image&__wa-mms=:0
[  341237ms] [ERROR] Failed to load resource: the server responded with a status of 404 () @ https://media.ftlv6-1.fna.whatsapp.net/v/t62.7118-24/560766563_2240725683410502_6965842089060864768_n.enc?ccb=11-4&oh=01_Q5Aa4wEBvUi5OZ6NBGbR5FvI7t9fbPnML8lHc67e7wtU3GvhZQ&oe=6A644EC7&_nc_sid=5e03e0&_nc_hot=1782380614&hash=8gu8pFwh3ThsgiEfyzU0GKV6Jbs3pJFyn6UhV9PXzjE%3D&_nc_cat=105&mode=auto&mms-type=image&__wa-mms=:0
[  377424ms] [ERROR] Failed to load resource: the server responded with a status of 410 () @ https://media.ftlv6-1.fna.whatsapp.net/v/t62.7118-24/661533024_1694896051632999_7074447769438759190_n.enc?ccb=11-4&oh=01_Q5Aa4wEe-hML2l2NE9tognI2R3MhF_eJGm1V-xhzMV5zwrK3Qw&oe=6A55CD74&_nc_sid=5e03e0&_nc_hot=1781441510&hash=9Ur8zCOvDw3vnsPXPvYyNgbT3lxw-rh5l5b3m6aOwa8%3D&_nc_cat=103&mms-type=image&__wa-mms=:0
[  377431ms] [ERROR] Failed to load resource: the server responded with a status of 410 () @ https://media.ftlv5-1.fna.whatsapp.net/v/t62.7118-24/610714011_2191791271618080_391069904045756395_n.enc?ccb=11-4&oh=01_Q5Aa4wEx8C2dqGdIf8oU9F4TCTA5zkAsHTtZwUIS7KydS9VruQ&oe=6A5601A0&_nc_sid=5e03e0&_nc_hot=1781441510&hash=N6YpYjbXnKmdkjpKxFnCdK6Pcgvr78KuF3ZELVSCwlE%3D&_nc_cat=109&mms-type=image&__wa-mms=:0
[  377439ms] [ERROR] Failed to load resource: the server responded with a status of 410 () @ https://media.ftlv5-1.fna.whatsapp.net/v/t62.7118-24/660460570_988885950672609_8689748727416382814_n.enc?ccb=11-4&oh=01_Q5Aa4wGFtug4_0MeTTqSYrJlaCzqqyXVyTH-c7Y1qBKGimalIg&oe=6A55D6BE&_nc_sid=5e03e0&_nc_hot=1781441510&hash=TCouhSTym1e_zQUboBeC3Fk0clfCIyOK1qppOYsBjxQ%3D&_nc_cat=108&mms-type=image&__wa-mms=:0
[  377446ms] [ERROR] Failed to load resource: the server responded with a status of 410 () @ https://media.ftlv6-1.fna.whatsapp.net/v/t62.7118-24/660380428_1413619197270114_2854386481614349954_n.enc?ccb=11-4&oh=01_Q5Aa4wEk5A2emuP35f8_aoGYFfH-2m1m9PnML7p5BF7cCEYz8A&oe=6A55D4E9&_nc_sid=5e03e0&_nc_hot=1781441510&hash=qamShy6J2mYZVF7sTFMiFXD-JBZIK2VA5hWqHBjfpMo%3D&_nc_cat=110&mms-type=image&__wa-mms=:0
[  377455ms] [ERROR] Failed to load resource: the server responded with a status of 410 () @ https://media.ftlv6-1.fna.whatsapp.net/v/t62.7118-24/559518892_1953148698964665_88064493432263406_n.enc?ccb=11-4&oh=01_Q5Aa4wGEVszvGrcwG0p556RjFno1M8vBb6GdWTbfB4EaZlTE8w&oe=6A55CB04&_nc_sid=5e03e0&_nc_hot=1781441510&hash=7TdLAiMpNX9BogsPmh1gNd0swktY2-vUopl5eFgEUVo%3D&_nc_cat=102&mms-type=image&__wa-mms=:0
[  377468ms] [ERROR] Failed to load resource: the server responded with a status of 410 () @ https://media.ftlv5-1.fna.whatsapp.net/v/t62.7118-24/559415177_1030012679367130_2478646733613196009_n.enc?ccb=11-4&oh=01_Q5Aa4wEDVTlFGS73-ekZ9xTA6HK_RGqlxttLjKMdQhs1HOuJcw&oe=6A55D2AF&_nc_sid=5e03e0&_nc_hot=1781441510&hash=0vDy5GWMvieUKMR8T8ejMtNUJXzk7dx8G6HZqBtChLA%3D&_nc_cat=108&mms-type=image&__wa-mms=:0
[  377782ms] [ERROR] Failed to load resource: the server responded with a status of 404 () @ https://media.ftlv6-1.fna.whatsapp.net/v/t62.7118-24/616188311_2378645495960249_2621198165952021597_n.enc?ccb=11-4&oh=01_Q5Aa4wFsoL-kM3t0KogF5fhlgYTpU4JPsIo2ltlkLBzZRWU4kw&oe=6A619D38&_nc_sid=5e03e0&_nc_hot=1782197246&hash=euHK2_RM-VZlTVR5kT0fGxzKYOrlIKABUf9ZYWJQa6Y%3D&_nc_cat=102&mode=auto&mms-type=image&__wa-mms=:0
[  377787ms] [ERROR] Failed to load resource: the server responded with a status of 404 () @ https://media.ftlv6-1.fna.whatsapp.net/v/t62.7118-24/669622463_2862703874094836_102351102400938666_n.enc?ccb=11-4&oh=01_Q5Aa4wFVA9u604hxUWEpjRItyYqbFjaqeaM3KqqXGso5laUVGA&oe=6A6190D0&_nc_sid=5e03e0&_nc_hot=1782197246&hash=Q_3PigQU_a-gLT8gsYA62aziYMid_6CH7etlUAsjc2Q%3D&_nc_cat=104&mode=auto&mms-type=image&__wa-mms=:0
[  377792ms] [ERROR] Failed to load resource: the server responded with a status of 410 () @ https://media-mrs2-2.cdn.whatsapp.net/v/t62.7117-24/557524331_1937072880331530_2618417023393110541_n.enc?ccb=11-4&oh=01_Q5Aa4wEvamMfyj9zSNlYr8s_RAZSTxLAcW0--em1ePyE6jHGeQ&oe=6A5F227F&_nc_sid=5e03e0&hash=tasLLZcG5j3wN14h3VAP_6KLBFfMnewQTURJtJnYr0s%3D&_nc_map=whatsapp-nofna&mode=auto&mms-type=ptt&__wa-mms=:0
[  377799ms] [ERROR] Failed to load resource: the server responded with a status of 404 () @ https://media.ftlv5-1.fna.whatsapp.net/v/t62.7118-24/616244732_4622710287956892_8428647481017753665_n.enc?ccb=11-4&oh=01_Q5Aa4wGSn3PM9GMEHpV11kzPiFYsQ2tWsRm9xsOB_ljFIO8Qgw&oe=6A6455A4&_nc_sid=5e03e0&_nc_hot=1782380614&hash=uwHxfFpEWpgXQK3mwXEV9VALDF-DoK9T2FbpIGAOiN0%3D&_nc_cat=101&mode=auto&mms-type=image&__wa-mms=:0
[  377808ms] [ERROR] Failed to load resource: the server responded with a status of 404 () @ https://media.ftlv6-1.fna.whatsapp.net/v/t62.7118-24/560558609_1285038046767487_2809845347812068532_n.enc?ccb=11-4&oh=01_Q5Aa4wEPrn3M2cJmvp2Q87DaLFyLgxyPog9nUItIv13WpVK5lg&oe=6A622983&_nc_sid=5e03e0&hash=-3GasICqv4YPwpGHx_0aqE7QLcs0Cd7eSsjmGE3XwAI%3D&_nc_cat=102&mode=auto&mms-type=image&__wa-mms=:0
[  377900ms] [ERROR] Failed to load resource: the server responded with a status of 404 () @ https://media.ftlv5-1.fna.whatsapp.net/v/t62.7118-24/556727143_2288866161920636_4102590655525621791_n.enc?ccb=11-4&oh=01_Q5Aa4wHjp1HUAt1WQnc70EEDkqkYuW2TR1TyphC_T9LCrIOKnQ&oe=6A647FDC&_nc_sid=5e03e0&_nc_hot=1782380614&hash=OeppcR6yw688jEaXT9AXo_e9_EGJ82alb6nEwyFGiIk%3D&_nc_cat=109&mode=auto&mms-type=image&__wa-mms=:0
[  377988ms] [ERROR] Failed to load resource: the server responded with a status of 404 () @ https://media.ftlv6-1.fna.whatsapp.net/v/t62.7118-24/554773491_1711254840210037_3018271887291494345_n.enc?ccb=11-4&oh=01_Q5Aa4wFLBE6pybRG-i7_5IGRE1p-8EuP9LnDpXrPQFA_uLhZCg&oe=6A645A74&_nc_sid=5e03e0&_nc_hot=1782380614&hash=4Tg6pYrFVcK-HhbaT4VptrZoUvD00RegWxKDEnvnnkI%3D&_nc_cat=102&mode=auto&mms-type=image&__wa-mms=:0
[  402582ms] [ERROR] ErrorUtils caught an error:

[storage] storage bucket persistence denied (aquire-persistent-storage-denied)

Subsequent non-fatal errors won't be logged; see https://fburl.com/debugjs. {column: 17878, clientTime: 1783874334, extra: Object, guardList: Array(0), hash: b5a2pi} @ https://static.whatsapp.net/rsrc.php/v4/yk/r/2-frBWSR0qM.js:79
[  404554ms] [WARNING] The PerformanceObserver does not support buffered flag with the entryTypes argument. @ https://static.whatsapp.net/rsrc.php/v4ikVs4/yu/l/he_IL-j/OxnxK6PwzmPF9BvaiPmYEQTDBcDET87yQ7EUhtqujfAG7WCNx9GZ3Y6HT8zfio19lQcyJug9AJ5hfL4020-Qr4TrWqF0Uf_atZL4vNQf59mdk7mhaBv6lIxw2fibXh0vdaWGso6pjbbzH2b.js:103
[  427141ms] [ERROR] ErrorUtils caught an error:

Failed to find a Haste-supplied config for the QPL event identified by token `106`.

Subsequent non-fatal errors won't be logged; see https://fburl.com/debugjs. {column: 17878, clientTime: 1783874359, extra: Object, guardList: Array(0), hash: 3iko2m} @ https://static.whatsapp.net/rsrc.php/v4/yz/r/cfnaXKO_yx3.js:78
[  428913ms] [ERROR] Loading the image 'https://static.whatsapp.net/rsrc.php/yd/r/PfkSLByWV8O.webp' violates the following Content Security Policy directive: "img-src 'self' blob:". The action has been blocked. @ https://webtp.whatsapp.net/pdf-viewer/?locale=he_IL:0
[  428916ms] [ERROR] Loading the image 'https://static.whatsapp.net/rsrc.php/yI/r/EoOh62-jiPS.webp' violates the following Content Security Policy directive: "img-src 'self' blob:". The action has been blocked. @ https://webtp.whatsapp.net/pdf-viewer/?locale=he_IL:0
[  434260ms] [ERROR] Access to fetch at 'https://dit.whatsapp.net/deidentified_telemetry' from origin 'https://web.whatsapp.com' has been blocked by CORS policy: No 'Access-Control-Allow-Origin' header is present on the requested resource. @ https://web.whatsapp.com/:0
[  434261ms] [ERROR] Failed to load resource: net::ERR_FAILED @ https://dit.whatsapp.net/deidentified_telemetry:0
[  434263ms] [ERROR] Access to fetch at 'https://dit.whatsapp.net/deidentified_telemetry' from origin 'https://web.whatsapp.com' has been blocked by CORS policy: No 'Access-Control-Allow-Origin' header is present on the requested resource. @ https://web.whatsapp.com/:0
[  434263ms] [ERROR] Failed to load resource: net::ERR_FAILED @ https://dit.whatsapp.net/deidentified_telemetry:0
[  435124ms] [ERROR] Access to fetch at 'https://dit.whatsapp.net/deidentified_telemetry' from origin 'https://web.whatsapp.com' has been blocked by CORS policy: No 'Access-Control-Allow-Origin' header is present on the requested resource. @ https://web.whatsapp.com/:0
[  435125ms] [ERROR] Failed to load resource: net::ERR_FAILED @ https://dit.whatsapp.net/deidentified_telemetry:0
[  435239ms] [ERROR] Access to fetch at 'https://dit.whatsapp.net/deidentified_telemetry' from origin 'https://web.whatsapp.com' has been blocked by CORS policy: No 'Access-Control-Allow-Origin' header is present on the requested resource. @ https://web.whatsapp.com/:0
[  435239ms] [ERROR] Failed to load resource: net::ERR_FAILED @ https://dit.whatsapp.net/deidentified_telemetry:0
[  436123ms] [ERROR] Access to fetch at 'https://dit.whatsapp.net/deidentified_telemetry' from origin 'https://web.whatsapp.com' has been blocked by CORS policy: No 'Access-Control-Allow-Origin' header is present on the requested resource. @ https://web.whatsapp.com/:0
[  436123ms] [ERROR] Failed to load resource: net::ERR_FAILED @ https://dit.whatsapp.net/deidentified_telemetry:0
[  436194ms] [ERROR] Access to fetch at 'https://dit.whatsapp.net/deidentified_telemetry' from origin 'https://web.whatsapp.com' has been blocked by CORS policy: No 'Access-Control-Allow-Origin' header is present on the requested resource. @ https://web.whatsapp.com/:0
[  436194ms] [ERROR] Failed to load resource: net::ERR_FAILED @ https://dit.whatsapp.net/deidentified_telemetry:0
[  437741ms] [ERROR] Access to fetch at 'https://dit.whatsapp.net/deidentified_telemetry' from origin 'https://web.whatsapp.com' has been blocked by CORS policy: No 'Access-Control-Allow-Origin' header is present on the requested resource. @ https://web.whatsapp.com/:0
[  437742ms] [ERROR] Failed to load resource: net::ERR_FAILED @ https://dit.whatsapp.net/deidentified_telemetry:0
[  438127ms] [ERROR] Access to fetch at 'https://dit.whatsapp.net/deidentified_telemetry' from origin 'https://web.whatsapp.com' has been blocked by CORS policy: No 'Access-Control-Allow-Origin' header is present on the requested resource. @ https://web.whatsapp.com/:0
[  438128ms] [ERROR] Failed to load resource: net::ERR_FAILED @ https://dit.whatsapp.net/deidentified_telemetry:0
